{"/Users/akshatsipany/Harkirat-Cohort-3.0/Web Dev/Assignments/assignments/week-4/middlewares/02-logIncomingRequests.js": {"path":"/Users/akshatsipany/Harkirat-Cohort-3.0/Web Dev/Assignments/assignments/week-4/middlewares/02-logIncomingRequests.js","all":false,"statementMap":{"0":{"start":{"line":1,"column":0},"end":{"line":1,"column":71}},"1":{"start":{"line":2,"column":0},"end":{"line":2,"column":0}},"2":{"start":{"line":3,"column":0},"end":{"line":3,"column":35}},"3":{"start":{"line":4,"column":0},"end":{"line":4,"column":22}},"4":{"start":{"line":5,"column":0},"end":{"line":5,"column":0}},"5":{"start":{"line":6,"column":0},"end":{"line":6,"column":38}},"6":{"start":{"line":7,"column":0},"end":{"line":7,"column":80}},"7":{"start":{"line":8,"column":0},"end":{"line":8,"column":9}},"8":{"start":{"line":9,"column":0},"end":{"line":9,"column":1}},"9":{"start":{"line":10,"column":0},"end":{"line":10,"column":0}},"10":{"start":{"line":11,"column":0},"end":{"line":11,"column":21}},"11":{"start":{"line":12,"column":0},"end":{"line":12,"column":0}},"12":{"start":{"line":13,"column":0},"end":{"line":13,"column":28}},"13":{"start":{"line":14,"column":0},"end":{"line":14,"column":53}},"14":{"start":{"line":15,"column":0},"end":{"line":15,"column":3}},"15":{"start":{"line":16,"column":0},"end":{"line":16,"column":0}},"16":{"start":{"line":17,"column":0},"end":{"line":17,"column":21}},"17":{"start":{"line":18,"column":0},"end":{"line":18,"column":0}},"18":{"start":{"line":19,"column":0},"end":{"line":19,"column":0}},"19":{"start":{"line":20,"column":0},"end":{"line":20,"column":0}},"20":{"start":{"line":21,"column":0},"end":{"line":21,"column":0}},"21":{"start":{"line":22,"column":0},"end":{"line":22,"column":0}},"22":{"start":{"line":23,"column":0},"end":{"line":23,"column":0}},"23":{"start":{"line":24,"column":0},"end":{"line":24,"column":40833}}},"s":{"0":1,"1":1,"2":1,"3":1,"4":1,"5":2,"6":2,"7":2,"8":2,"9":1,"10":1,"11":1,"12":1,"13":1,"14":1,"15":1,"16":1,"17":1,"18":1,"19":1,"20":1,"21":1,"22":1,"23":1},"branchMap":{"0":{"type":"branch","line":6,"loc":{"start":{"line":6,"column":0},"end":{"line":9,"column":1}},"locations":[{"start":{"line":6,"column":0},"end":{"line":9,"column":1}}]},"1":{"type":"branch","line":13,"loc":{"start":{"line":13,"column":13},"end":{"line":15,"column":2}},"locations":[{"start":{"line":13,"column":13},"end":{"line":15,"column":2}}]},"2":{"type":"branch","line":24,"loc":{"start":{"line":24,"column":68},"end":{"line":24,"column":40064}},"locations":[{"start":{"line":24,"column":68},"end":{"line":24,"column":40064}}]},"3":{"type":"branch","line":24,"loc":{"start":{"line":24,"column":133},"end":{"line":24,"column":40051}},"locations":[{"start":{"line":24,"column":133},"end":{"line":24,"column":40051}}]},"4":{"type":"branch","line":24,"loc":{"start":{"line":24,"column":40053},"end":{"line":24,"column":40063}},"locations":[{"start":{"line":24,"column":40053},"end":{"line":24,"column":40063}}]},"5":{"type":"branch","line":24,"loc":{"start":{"line":24,"column":40091},"end":{"line":24,"column":40164}},"locations":[{"start":{"line":24,"column":40091},"end":{"line":24,"column":40164}}]},"6":{"type":"branch","line":24,"loc":{"start":{"line":24,"column":40144},"end":{"line":24,"column":40155}},"locations":[{"start":{"line":24,"column":40144},"end":{"line":24,"column":40155}}]}},"b":{"0":[2],"1":[1],"2":[1],"3":[1],"4":[1],"5":[1],"6":[1]},"fnMap":{"0":{"name":"logRequests","decl":{"start":{"line":6,"column":0},"end":{"line":9,"column":1}},"loc":{"start":{"line":6,"column":0},"end":{"line":9,"column":1}},"line":6},"1":{"name":"oo_cm","decl":{"start":{"line":24,"column":68},"end":{"line":24,"column":40064}},"loc":{"start":{"line":24,"column":68},"end":{"line":24,"column":40064}},"line":24},"2":{"name":"oo_oo","decl":{"start":{"line":24,"column":40091},"end":{"line":24,"column":40164}},"loc":{"start":{"line":24,"column":40091},"end":{"line":24,"column":40164}},"line":24},"3":{"name":"oo_tr","decl":{"start":{"line":24,"column":40191},"end":{"line":24,"column":40266}},"loc":{"start":{"line":24,"column":40191},"end":{"line":24,"column":40266}},"line":24},"4":{"name":"oo_tx","decl":{"start":{"line":24,"column":40293},"end":{"line":24,"column":40368}},"loc":{"start":{"line":24,"column":40293},"end":{"line":24,"column":40368}},"line":24},"5":{"name":"oo_ts","decl":{"start":{"line":24,"column":40395},"end":{"line":24,"column":40462}},"loc":{"start":{"line":24,"column":40395},"end":{"line":24,"column":40462}},"line":24},"6":{"name":"oo_te","decl":{"start":{"line":24,"column":40489},"end":{"line":24,"column":40565}},"loc":{"start":{"line":24,"column":40489},"end":{"line":24,"column":40565}},"line":24}},"f":{"0":2,"1":1,"2":1,"3":1,"4":1,"5":1,"6":1}}
}
