TN:
SF:02-logIncomingRequests.js
FN:6,logRequests
FN:24,oo_cm
FN:24,oo_oo
FN:24,oo_tr
FN:24,oo_tx
FN:24,oo_ts
FN:24,oo_te
FNF:7
FNH:7
FNDA:2,logRequests
FNDA:1,oo_cm
FNDA:1,oo_oo
FNDA:1,oo_tr
FNDA:1,oo_tx
FNDA:1,oo_ts
FNDA:1,oo_te
DA:1,1
DA:2,1
DA:3,1
DA:4,1
DA:5,1
DA:6,2
DA:7,2
DA:8,2
DA:9,2
DA:10,1
DA:11,1
DA:12,1
DA:13,1
DA:14,1
DA:15,1
DA:16,1
DA:17,1
DA:18,1
DA:19,1
DA:20,1
DA:21,1
DA:22,1
DA:23,1
DA:24,1
LF:24
LH:24
BRDA:6,0,0,2
BRDA:13,1,0,1
BRDA:24,2,0,1
BRDA:24,3,0,1
BRDA:24,4,0,1
BRDA:24,5,0,1
BRDA:24,6,0,1
BRF:7
BRH:7
end_of_record
